<?xml version="1.0" encoding="UTF-8"?>
<!-- Generated by org.testng.reporters.JUnitReportReporter -->
<testsuite hostname="DESKTOP-OF3OC9C" failures="0" tests="1" name="groupsByAttribute.Class2" time="0.000" errors="0" timestamp="2023-08-11T09:44:56 IST" skipped="0">
  <testcase classname="groupsByAttribute.Class2" name="TestMethod5" time="0.000"/>
</testsuite> <!-- groupsByAttribute.Class2 -->
