<?xml version="1.0" encoding="UTF-8"?>
<!-- Generated by org.testng.reporters.JUnitReportReporter -->
<testsuite hostname="DESKTOP-OF3OC9C" failures="0" tests="1" name="testNGAnnotations.ParameterizationAnnotation" time="5.316" errors="0" timestamp="2023-08-10T12:07:04 IST" skipped="0">
  <testcase classname="testNGAnnotations.ParameterizationAnnotation" name="LaunchBrowser" time="5.316"/>
</testsuite> <!-- testNGAnnotations.ParameterizationAnnotation -->
