<?xml version="1.0" encoding="UTF-8"?>
<!-- Generated by org.testng.reporters.JUnitReportReporter -->
<testsuite hostname="DESKTOP-OF3OC9C" failures="0" tests="1" name="groupsByAttribute.Class2" time="0.002" errors="0" timestamp="2023-08-10T17:23:57 IST" skipped="0">
  <testcase classname="groupsByAttribute.Class2" name="TestMethod5" time="0.002"/>
</testsuite> <!-- groupsByAttribute.Class2 -->
