<?xml version="1.0" encoding="UTF-8"?>
<!-- Generated by org.testng.reporters.JUnitReportReporter -->
<testsuite hostname="DESKTOP-OF3OC9C" failures="0" tests="3" name="testNGAnnotations.DataProviderAnnotation" time="0.001" errors="0" timestamp="2023-08-10T15:05:50 IST" skipped="0">
  <testcase classname="testNGAnnotations.DataProviderAnnotation" name="LoginTest" time="0.000"/>
  <testcase classname="testNGAnnotations.DataProviderAnnotation" name="LoginTest" time="0.000"/>
  <testcase classname="testNGAnnotations.DataProviderAnnotation" name="LoginTest" time="0.001"/>
</testsuite> <!-- testNGAnnotations.DataProviderAnnotation -->
