<?xml version="1.0" encoding="UTF-8"?>
<!-- Generated by org.testng.reporters.JUnitReportReporter -->
<testsuite hostname="DESKTOP-OF3OC9C" failures="0" tests="1" name="takesScreenshot.PerticularElementSchot" time="4.485" errors="0" timestamp="2023-08-18T11:53:40 IST" skipped="0">
  <testcase classname="takesScreenshot.PerticularElementSchot" name="perticularSectionScreenshot" time="4.485"/>
</testsuite> <!-- takesScreenshot.PerticularElementSchot -->
