<?xml version="1.0" encoding="UTF-8"?>
<!-- Generated by org.testng.reporters.JUnitReportReporter -->
<testsuite hostname="DESKTOP-OF3OC9C" failures="0" tests="3" name="groupsByAttribute.Class1" time="0.001" errors="0" timestamp="2023-08-11T09:44:56 IST" skipped="1">
  <testcase classname="groupsByAttribute.Class1" name="TestMethod3" time="0.000"/>
  <testcase classname="groupsByAttribute.Class1" name="TestMethod1" time="0.001"/>
  <testcase classname="groupsByAttribute.Class1" name="TestMethod2">
    <skipped/>
  </testcase> <!-- TestMethod2 -->
</testsuite> <!-- groupsByAttribute.Class1 -->
