<?xml version="1.0" encoding="UTF-8"?>
<!-- Generated by org.testng.reporters.JUnitReportReporter -->
<testsuite hostname="DESKTOP-OF3OC9C" failures="0" tests="1" name="testNGAnnotations.ParameterizationAnnotation" time="6.001" errors="0" timestamp="2023-08-11T10:35:50 IST" skipped="0">
  <testcase classname="testNGAnnotations.ParameterizationAnnotation" name="LaunchBrowser" time="6.001"/>
</testsuite> <!-- testNGAnnotations.ParameterizationAnnotation -->
