<?xml version="1.0" encoding="UTF-8"?>
<!-- Generated by org.testng.reporters.JUnitReportReporter -->
<testsuite hostname="DESKTOP-OF3OC9C" failures="0" tests="1" name="groupsByAttribute.Class1" time="0.001" errors="0" timestamp="2023-08-10T17:23:57 IST" skipped="0">
  <testcase classname="groupsByAttribute.Class1" name="TestMethod1" time="0.001"/>
</testsuite> <!-- groupsByAttribute.Class1 -->
