<?xml version="1.0" encoding="UTF-8"?>
<!-- Generated by org.testng.reporters.JUnitReportReporter -->
<testsuite hostname="DESKTOP-OF3OC9C" failures="0" tests="1" name="takesScreenshot.EntireWebpage" time="5.256" errors="0" timestamp="2023-08-18T12:08:00 IST" skipped="0">
  <testcase classname="takesScreenshot.EntireWebpage" name="FullPageScreenshot" time="5.256"/>
</testsuite> <!-- takesScreenshot.EntireWebpage -->
