<?xml version="1.0" encoding="UTF-8"?>
<!-- Generated by org.testng.reporters.JUnitReportReporter -->
<testsuite hostname="DESKTOP-OF3OC9C" failures="0" tests="3" name="testNGAnnotations.BeforeMethodAnnotation" time="0.002" errors="0" timestamp="2023-08-10T17:03:57 IST" skipped="0">
  <testcase classname="testNGAnnotations.BeforeMethodAnnotation" name="Login" time="0.001"/>
  <testcase classname="testNGAnnotations.BeforeMethodAnnotation" name="HomePage" time="0.001"/>
  <testcase classname="testNGAnnotations.BeforeMethodAnnotation" name="Register" time="0.000"/>
</testsuite> <!-- testNGAnnotations.BeforeMethodAnnotation -->
