<?xml version="1.0" encoding="UTF-8"?>
<!-- Generated by org.testng.reporters.JUnitReportReporter -->
<testsuite hostname="DESKTOP-OF3OC9C" failures="0" tests="1" name="groupsByAttribute.Class3" time="0.004" errors="0" timestamp="2023-08-11T09:44:56 IST" skipped="0">
  <testcase classname="groupsByAttribute.Class3" name="TestMethod9" time="0.004"/>
</testsuite> <!-- groupsByAttribute.Class3 -->
